Building DAG of jobs...
Using shell: /bin/bash
Provided cores: 4
Rules claiming more threads will be scaled down.
Job stats:
job               count    min threads    max threads
--------------  -------  -------------  -------------
make_my_report        1              1              1
total                 1              1              1

Select jobs to execute...

[Fri Jan  7 11:01:58 2022]
rule make_my_report:
    input: scripts/data/penguins.csv, ../results/data/processed/penguin_subset.rds, ../results/tables/tab_1.txt, ../results/plots/figure_2.pdf
    output: ../results/reports/report.html
    jobid: 0
    resources: tmpdir=/var/folders/hl/dt523djx7_q7xjrthzjpdvc40000gn/T

[Fri Jan  7 11:02:00 2022]
Finished job 0.
1 of 1 steps (100%) done
Complete log: /Users/corrado/Documents/snakemake_workflows/snakemake_playground/playground/workflow/.snakemake/log/2022-01-07T110158.042390.snakemake.log
