Building DAG of jobs...
Using shell: /bin/bash
Provided cores: 4
Rules claiming more threads will be scaled down.
Job stats:
job            count    min threads    max threads
-----------  -------  -------------  -------------
summary_fit        1              1              1
total              1              1              1

Select jobs to execute...

[Sat Jan  8 16:13:46 2022]
rule summary_fit:
    input: ../results/brms/fit_01.rds
    output: ../results/brms/table_1.csv
    log: ../results/logs/summary_fit.log
    jobid: 0
    resources: tmpdir=/var/folders/hl/dt523djx7_q7xjrthzjpdvc40000gn/T

[Sat Jan  8 16:13:51 2022]
Error in rule summary_fit:
    jobid: 0
    output: ../results/brms/table_1.csv
    log: ../results/logs/summary_fit.log (check log file(s) for error message)

RuleException:
CalledProcessError in line 23 of /Users/corrado/Documents/snakemake_workflows/snakemake_playground/playground/workflow/rules/brm_fit_model.smk:
Command 'set -euo pipefail;  Rscript --vanilla /Users/corrado/Documents/snakemake_workflows/snakemake_playground/playground/workflow/.snakemake/scripts/tmpzo1fy_5g.get_summary_fit.R' returned non-zero exit status 1.
  File "/Users/corrado/Documents/snakemake_workflows/snakemake_playground/playground/workflow/rules/brm_fit_model.smk", line 23, in __rule_summary_fit
  File "/opt/anaconda3/lib/python3.8/concurrent/futures/thread.py", line 57, in run
Shutting down, this might take some time.
Exiting because a job execution failed. Look above for error message
Complete log: /Users/corrado/Documents/snakemake_workflows/snakemake_playground/playground/workflow/.snakemake/log/2022-01-08T161345.901699.snakemake.log
