Building DAG of jobs...
Using shell: /bin/bash
Provided cores: 4
Rules claiming more threads will be scaled down.
Job stats:
job          count    min threads    max threads
---------  -------  -------------  -------------
fit_model        1              1              1
total            1              1              1

Select jobs to execute...

[Sat Jan  8 15:35:30 2022]
rule fit_model:
    input: ../results/data/processed/penguin_subset.rds
    output: ../results/brms/fit_01.rds
    log: ../results/logs/fit_model.log
    jobid: 0
    resources: tmpdir=/var/folders/hl/dt523djx7_q7xjrthzjpdvc40000gn/T

[Sat Jan  8 15:35:52 2022]
Finished job 0.
1 of 1 steps (100%) done
Complete log: /Users/corrado/Documents/snakemake_workflows/snakemake_playground/playground/workflow/.snakemake/log/2022-01-08T153530.247868.snakemake.log
