Building DAG of jobs...
Using shell: /bin/bash
Provided cores: 4
Rules claiming more threads will be scaled down.
Job stats:
job               count    min threads    max threads
--------------  -------  -------------  -------------
make_histogram        1              1              1
make_report           1              1              1
my_report             1              1              1
save_figures          1              1              1
save_table            1              1              1
targets               1              1              1
total                 6              1              1

Select jobs to execute...

[Fri Jan  7 15:59:30 2022]
rule my_report:
    input: scripts/reports/render.R, scripts/reports/my_report.Rmd
    output: scripts/reports/my_report.html
    jobid: 5
    resources: tmpdir=/var/folders/hl/dt523djx7_q7xjrthzjpdvc40000gn/T

[Fri Jan  7 15:59:30 2022]
rule make_histogram:
    input: scripts/data/penguins.csv
    output: ../results/plots/hist_1.pdf
    log: ../results/logs/make_histogram.log
    jobid: 3
    resources: tmpdir=/var/folders/hl/dt523djx7_q7xjrthzjpdvc40000gn/T

[Fri Jan  7 15:59:30 2022]
rule save_figures:
    input: scripts/data/penguins.csv
    output: ../results/plots/figure_1.pdf, ../results/plots/figure_2.pdf, ../results/data/processed/penguin_subset.rds
    log: ../results/logs/save_figures.log
    jobid: 1
    resources: tmpdir=/var/folders/hl/dt523djx7_q7xjrthzjpdvc40000gn/T

[Fri Jan  7 15:59:31 2022]
Error in rule my_report:
    jobid: 5
    output: scripts/reports/my_report.html

RuleException:
CalledProcessError in line 59 of /Users/corrado/Documents/snakemake_workflows/snakemake_playground/playground/workflow/Snakefile:
Command 'set -euo pipefail;  Rscript --vanilla /Users/corrado/Documents/snakemake_workflows/snakemake_playground/playground/workflow/.snakemake/scripts/tmprvxulg6a.render.R' returned non-zero exit status 1.
  File "/Users/corrado/Documents/snakemake_workflows/snakemake_playground/playground/workflow/Snakefile", line 59, in __rule_my_report
  File "/opt/anaconda3/lib/python3.8/concurrent/futures/thread.py", line 57, in run
[Fri Jan  7 15:59:32 2022]
Finished job 3.
1 of 6 steps (17%) done
[Fri Jan  7 15:59:33 2022]
Finished job 1.
2 of 6 steps (33%) done
Shutting down, this might take some time.
Exiting because a job execution failed. Look above for error message
Complete log: /Users/corrado/Documents/snakemake_workflows/snakemake_playground/playground/workflow/.snakemake/log/2022-01-07T155930.425267.snakemake.log
