Building DAG of jobs...
Using shell: /bin/bash
Provided cores: 4
Rules claiming more threads will be scaled down.
Job stats:
job               count    min threads    max threads
--------------  -------  -------------  -------------
fit_model             1              1              1
make_histogram        1              1              1
make_report           1              1              1
save_figures          1              1              1
save_table            1              1              1
targets               1              1              1
total                 6              1              1

Select jobs to execute...

[Sat Jan  8 15:45:19 2022]
rule make_histogram:
    input: scripts/data/penguins.csv
    output: ../results/plots/hist_1.pdf
    log: ../results/logs/make_histogram.log
    jobid: 3
    resources: tmpdir=/var/folders/hl/dt523djx7_q7xjrthzjpdvc40000gn/T

[Sat Jan  8 15:45:19 2022]
rule save_figures:
    input: scripts/data/penguins.csv
    output: ../results/plots/figure_1.pdf, ../results/plots/figure_2.pdf, ../results/data/processed/penguin_subset.rds
    log: ../results/logs/save_figures.log
    jobid: 1
    resources: tmpdir=/var/folders/hl/dt523djx7_q7xjrthzjpdvc40000gn/T

[Sat Jan  8 15:45:21 2022]
Finished job 3.
1 of 6 steps (17%) done
[Sat Jan  8 15:45:21 2022]
Finished job 1.
2 of 6 steps (33%) done
Select jobs to execute...

[Sat Jan  8 15:45:21 2022]
rule fit_model:
    input: ../results/data/processed/penguin_subset.rds
    output: ../results/brms/fit_01.rds
    log: ../results/logs/fit_model.log
    jobid: 5
    resources: tmpdir=/var/folders/hl/dt523djx7_q7xjrthzjpdvc40000gn/T

[Sat Jan  8 15:45:21 2022]
rule save_table:
    input: ../results/data/processed/penguin_subset.rds
    output: ../results/tables/tab_1.txt
    log: ../results/logs/save_table.log
    jobid: 2
    resources: tmpdir=/var/folders/hl/dt523djx7_q7xjrthzjpdvc40000gn/T

[Sat Jan  8 15:45:23 2022]
Finished job 2.
3 of 6 steps (50%) done
Select jobs to execute...

[Sat Jan  8 15:45:23 2022]
rule make_report:
    input: scripts/data/penguins.csv, ../results/data/processed/penguin_subset.rds, ../results/tables/tab_1.txt
    output: ../results/reports/report.html
    log: ../results/logs/make_report.log
    jobid: 4
    resources: tmpdir=/var/folders/hl/dt523djx7_q7xjrthzjpdvc40000gn/T

[Sat Jan  8 15:45:27 2022]
Finished job 4.
4 of 6 steps (67%) done
[Sat Jan  8 15:45:38 2022]
Finished job 5.
5 of 6 steps (83%) done
Select jobs to execute...

[Sat Jan  8 15:45:38 2022]
localrule targets:
    input: ../results/plots/figure_1.pdf, ../results/plots/figure_2.pdf, ../results/data/processed/penguin_subset.rds, ../results/tables/tab_1.txt, ../results/plots/hist_1.pdf, ../results/reports/report.html, ../results/brms/fit_01.rds
    jobid: 0
    resources: tmpdir=/var/folders/hl/dt523djx7_q7xjrthzjpdvc40000gn/T

[Sat Jan  8 15:45:38 2022]
Finished job 0.
6 of 6 steps (100%) done
Complete log: /Users/corrado/Documents/snakemake_workflows/snakemake_playground/playground/workflow/.snakemake/log/2022-01-08T154519.057210.snakemake.log
