Building DAG of jobs...
Using shell: /bin/bash
Provided cores: 4
Rules claiming more threads will be scaled down.
Job stats:
job               count    min threads    max threads
--------------  -------  -------------  -------------
all                   1              1              1
make_histogram        1              1              1
make_report           1              1              1
save_figures          1              1              1
save_table            1              1              1
total                 5              1              1

Select jobs to execute...

[Fri Jan  7 08:48:20 2022]
rule make_histogram:
    input: scripts/data/penguins.csv
    output: ../results/plots/hist_1.pdf
    log: ../results/logs/make_histogram.log
    jobid: 3
    resources: tmpdir=/var/folders/hl/dt523djx7_q7xjrthzjpdvc40000gn/T

[Fri Jan  7 08:48:20 2022]
rule save_figures:
    input: scripts/data/penguins.csv
    output: ../results/plots/figure_1.pdf, ../results/plots/figure_2.pdf, ../results/data/processed/penguin_subset.rds
    log: ../results/logs/save_figures.log
    jobid: 1
    resources: tmpdir=/var/folders/hl/dt523djx7_q7xjrthzjpdvc40000gn/T

[Fri Jan  7 08:48:22 2022]
Finished job 3.
1 of 5 steps (20%) done
[Fri Jan  7 08:48:22 2022]
Finished job 1.
2 of 5 steps (40%) done
Select jobs to execute...

[Fri Jan  7 08:48:22 2022]
rule save_table:
    input: ../results/data/processed/penguin_subset.rds
    output: ../results/tables/tab_1.txt
    log: ../results/logs/save_table.log
    jobid: 2
    resources: tmpdir=/var/folders/hl/dt523djx7_q7xjrthzjpdvc40000gn/T

[Fri Jan  7 08:48:24 2022]
Finished job 2.
3 of 5 steps (60%) done
Select jobs to execute...

[Fri Jan  7 08:48:24 2022]
rule make_report:
    input: scripts/data/penguins.csv, ../results/data/processed/penguin_subset.rds, ../results/tables/tab_1.txt, ../results/plots/figure_2.pdf
    output: ../results/reports/report.html
    jobid: 4
    resources: tmpdir=/var/folders/hl/dt523djx7_q7xjrthzjpdvc40000gn/T

[Fri Jan  7 08:48:28 2022]
Error in rule make_report:
    jobid: 4
    output: ../results/reports/report.html

RuleException:
CalledProcessError in line 10 of /Users/corrado/_repositories/snakemake_playground/playground/workflow/rules/render_report.smk:
Command 'set -euo pipefail;  Rscript --vanilla -e 'rmarkdown::render("/Users/corrado/_repositories/snakemake_playground/playground/workflow/.snakemake/scripts/tmpf41xwnfe.report.Rmd", output_file="/Users/corrado/_repositories/snakemake_playground/playground/results/reports/report.html", quiet=TRUE, knit_root_dir = "/Users/corrado/_repositories/snakemake_playground/playground/workflow", params = list(rmd="/Users/corrado/_repositories/snakemake_playground/playground/workflow/.snakemake/scripts/tmpf41xwnfe.report.Rmd"))'' returned non-zero exit status 1.
  File "/Users/corrado/_repositories/snakemake_playground/playground/workflow/rules/render_report.smk", line 10, in __rule_make_report
  File "/opt/anaconda3/lib/python3.8/concurrent/futures/thread.py", line 57, in run
Shutting down, this might take some time.
Exiting because a job execution failed. Look above for error message
Complete log: /Users/corrado/_repositories/snakemake_playground/playground/workflow/.snakemake/log/2022-01-07T084820.707888.snakemake.log
