Building DAG of jobs...
Using shell: /bin/bash
Provided cores: 4
Rules claiming more threads will be scaled down.
Job stats:
job               count    min threads    max threads
--------------  -------  -------------  -------------
make_histogram        1              1              1
make_report           1              1              1
save_figures          1              1              1
save_table            1              1              1
targets               1              1              1
total                 5              1              1

Select jobs to execute...

[Sat Jan  8 10:36:07 2022]
rule make_histogram:
    input: scripts/data/penguins.csv
    output: ../results/plots/hist_1.pdf
    log: ../results/logs/make_histogram.log
    jobid: 3
    resources: tmpdir=/var/folders/hl/dt523djx7_q7xjrthzjpdvc40000gn/T

[Sat Jan  8 10:36:07 2022]
rule save_figures:
    input: scripts/data/penguins.csv
    output: ../results/plots/figure_1.pdf, ../results/plots/figure_2.pdf, ../results/data/processed/penguin_subset.rds
    log: ../results/logs/save_figures.log
    jobid: 1
    resources: tmpdir=/var/folders/hl/dt523djx7_q7xjrthzjpdvc40000gn/T

[Sat Jan  8 10:36:09 2022]
Finished job 3.
1 of 5 steps (20%) done
[Sat Jan  8 10:36:09 2022]
Finished job 1.
2 of 5 steps (40%) done
Select jobs to execute...

[Sat Jan  8 10:36:09 2022]
rule save_table:
    input: ../results/data/processed/penguin_subset.rds
    output: ../results/tables/tab_1.txt
    log: ../results/logs/save_table.log
    jobid: 2
    resources: tmpdir=/var/folders/hl/dt523djx7_q7xjrthzjpdvc40000gn/T

[Sat Jan  8 10:36:10 2022]
Finished job 2.
3 of 5 steps (60%) done
Select jobs to execute...

[Sat Jan  8 10:36:10 2022]
rule make_report:
    input: scripts/data/penguins.csv, ../results/data/processed/penguin_subset.rds, ../results/tables/tab_1.txt, ../results/plots/figure_1.pdf
    output: ../results/reports/report.html
    log: ../results/logs/make_report.log
    jobid: 4
    resources: tmpdir=/var/folders/hl/dt523djx7_q7xjrthzjpdvc40000gn/T

[Sat Jan  8 10:36:14 2022]
Finished job 4.
4 of 5 steps (80%) done
Select jobs to execute...

[Sat Jan  8 10:36:14 2022]
localrule targets:
    input: ../results/plots/figure_1.pdf, ../results/plots/figure_2.pdf, ../results/data/processed/penguin_subset.rds, ../results/tables/tab_1.txt, ../results/plots/hist_1.pdf, ../results/reports/report.html
    jobid: 0
    resources: tmpdir=/var/folders/hl/dt523djx7_q7xjrthzjpdvc40000gn/T

[Sat Jan  8 10:36:14 2022]
Finished job 0.
5 of 5 steps (100%) done
Complete log: /Users/corrado/_repositories/snakemake_playground/playground/workflow/.snakemake/log/2022-01-08T103607.471742.snakemake.log
