Building DAG of jobs...
Using shell: /bin/bash
Provided cores: 4
Rules claiming more threads will be scaled down.
Job stats:
job            count    min threads    max threads
-----------  -------  -------------  -------------
all                1              1              1
make_report        1              1              1
total              2              1              1

Select jobs to execute...

[Fri Jan  7 13:16:38 2022]
rule make_report:
    input: scripts/data/penguins.csv, ../results/data/processed/penguin_subset.rds, ../results/tables/tab_1.txt, ../results/plots/figure_2.pdf
    output: ../results/reports/report.html
    log: ../results/logs/make_report.log
    jobid: 4
    resources: tmpdir=/var/folders/hl/dt523djx7_q7xjrthzjpdvc40000gn/T

[Fri Jan  7 13:16:38 2022]
Error in rule make_report:
    jobid: 4
    output: ../results/reports/report.html
    log: ../results/logs/make_report.log (check log file(s) for error message)

RuleException:
CalledProcessError in line 44 of /Users/corrado/Documents/snakemake_workflows/snakemake_playground/playground/workflow/Snakefile:
Command 'set -euo pipefail;  Rscript --vanilla -e 'rmarkdown::render("/Users/corrado/Documents/snakemake_workflows/snakemake_playground/playground/workflow/.snakemake/scripts/tmpkksa2a4l.report.Rmd", output_file="/Users/corrado/Documents/snakemake_workflows/snakemake_playground/playground/results/reports/report.html", quiet=TRUE, knit_root_dir = "/Users/corrado/Documents/snakemake_workflows/snakemake_playground/playground/workflow", params = list(rmd="/Users/corrado/Documents/snakemake_workflows/snakemake_playground/playground/workflow/.snakemake/scripts/tmpkksa2a4l.report.Rmd"))'' returned non-zero exit status 1.
  File "/Users/corrado/Documents/snakemake_workflows/snakemake_playground/playground/workflow/Snakefile", line 44, in __rule_make_report
  File "/opt/anaconda3/lib/python3.8/concurrent/futures/thread.py", line 57, in run
Shutting down, this might take some time.
Exiting because a job execution failed. Look above for error message
Complete log: /Users/corrado/Documents/snakemake_workflows/snakemake_playground/playground/workflow/.snakemake/log/2022-01-07T131638.218666.snakemake.log
