Building DAG of jobs...
Using shell: /bin/bash
Provided cores: 4
Rules claiming more threads will be scaled down.
Job stats:
job                 count    min threads    max threads
----------------  -------  -------------  -------------
my_render_report        1              1              1
total                   1              1              1

Select jobs to execute...

[Fri Jan  7 14:33:31 2022]
rule my_render_report:
    input: scripts/reports/report2.Rmd, scripts/reports/render.R
    output: my_report.html
    log: my_render_report.txt
    jobid: 0
    resources: tmpdir=/var/folders/hl/dt523djx7_q7xjrthzjpdvc40000gn/T

[Fri Jan  7 14:33:31 2022]
Error in rule my_render_report:
    jobid: 0
    output: my_report.html
    log: my_render_report.txt (check log file(s) for error message)
    shell:
        Rscript -e "rmarkdown::render('scripts/reports/report2.Rmd'))"
        (one of the commands exited with non-zero exit code; note that snakemake uses bash strict mode!)

Shutting down, this might take some time.
Exiting because a job execution failed. Look above for error message
Complete log: /Users/corrado/Documents/snakemake_workflows/snakemake_playground/playground/workflow/.snakemake/log/2022-01-07T143331.501458.snakemake.log
