Building DAG of jobs...
Using shell: /bin/bash
Provided cores: 4
Rules claiming more threads will be scaled down.
Job stats:
job               count    min threads    max threads
--------------  -------  -------------  -------------
all                   1              1              1
make_histogram        1              1              1
make_report           1              1              1
save_figures          1              1              1
save_table            1              1              1
total                 5              1              1

Select jobs to execute...

[Wed Jan  5 14:05:07 2022]
rule make_histogram:
    input: scripts/figures/hist_penguins.R, scripts/data/penguins.csv
    output: ../results/plots/hist_1.pdf
    log: ../results/logs/make_histogram.log
    jobid: 4
    resources: tmpdir=/var/folders/hl/dt523djx7_q7xjrthzjpdvc40000gn/T


[Wed Jan  5 14:05:07 2022]
rule save_figures:
    input: scripts/data/penguins.csv
    output: ../results/plots/figure_1.pdf, ../results/plots/figure_2.pdf, ../results/data/processed/penguin_subset.rds
    log: ../results/logs/save_figures.log
    jobid: 1
    resources: tmpdir=/var/folders/hl/dt523djx7_q7xjrthzjpdvc40000gn/T

[Wed Jan  5 14:05:07 2022]
Error in rule make_histogram:
    jobid: 4
    output: ../results/plots/hist_1.pdf
    log: ../results/logs/make_histogram.log (check log file(s) for error message)
    shell:
        Rscript --no-save --no-restore --verbose scripts/figures/hist_penguins.R             --data scripts/data/penguins.csv             --out ../results/plots/hist_1.pdf
        (one of the commands exited with non-zero exit code; note that snakemake uses bash strict mode!)

[Wed Jan  5 14:05:09 2022]
Finished job 1.
1 of 5 steps (20%) done
Shutting down, this might take some time.
Exiting because a job execution failed. Look above for error message
Complete log: /Users/corrado/Documents/snakemake_workflows/snakemake_playground_master/playground/workflow/.snakemake/log/2022-01-05T140507.353963.snakemake.log
